<?xml version="1.0" encoding="UTF-8"?>
<!-- Generated by org.testng.reporters.JUnitReportReporter -->
<testsuite skipped="0" hostname="sgondesi02" name="goibibo.com.testcases.LoginTest" tests="1" failures="0" timestamp="13 Dec 2017 16:43:09 GMT" time="33.454" errors="0">
  <testcase name="IbibologinTest" time="33.454" classname="goibibo.com.testcases.LoginTest"/>
</testsuite> <!-- goibibo.com.testcases.LoginTest -->
