<?xml version="1.0" encoding="UTF-8"?>
<!-- Generated by org.testng.reporters.JUnitReportReporter -->
<testsuite skipped="0" hostname="sgondesi02" name="rougher" tests="1" failures="0" timestamp="14 Dec 2017 21:35:46 GMT" time="53.130" errors="0">
  <testcase name="roughtest" time="53.130" classname="rougher"/>
</testsuite> <!-- rougher -->
