<?xml version="1.0" encoding="UTF-8"?>
<!-- Generated by org.testng.reporters.JUnitReportReporter -->
<testsuite skipped="0" hostname="sgondesi02" name="goibibo.com.testcases.onewayflightbookTest" tests="1" failures="0" timestamp="14 Dec 2017 22:38:06 GMT" time="63.487" errors="0">
  <testcase name="onewayflightbook" time="63.487" classname="goibibo.com.testcases.onewayflightbookTest"/>
</testsuite> <!-- goibibo.com.testcases.onewayflightbookTest -->
